root - INFO - 2022-11-06  20:10:53 - move: wp -> --
root - INFO - 2022-11-06  20:10:55 - move: wQ -> --
root - INFO - 2022-11-06  20:15:09 - move: wp -> --
root - INFO - 2022-11-06  20:15:10 - move: wp -> --
root - INFO - 2022-11-06  20:15:11 - move: wp -> --
root - INFO - 2022-11-06  20:15:14 - move: wp -> bp
root - INFO - 2022-11-06  20:15:15 - move: wp -> bQ
root - INFO - 2024-12-22  16:14:59 - move: wp -> --
root - INFO - 2024-12-22  16:15:01 - move: bp -> --
root - INFO - 2024-12-22  16:15:04 - move: wp -> --
root - INFO - 2024-12-22  16:15:06 - move: bp -> --
root - INFO - 2024-12-22  16:15:07 - move: wp -> --
root - INFO - 2024-12-22  16:15:10 - move: wp -> bp
root - INFO - 2024-12-22  16:15:12 - move: wp -> --
root - INFO - 2024-12-22  16:15:16 - move: bQ -> wp
root - INFO - 2024-12-22  16:15:19 - move: bQ -> wp
root - INFO - 2024-12-22  16:15:21 - move: bQ -> wp
root - INFO - 2024-12-22  16:15:22 - move: wK -> bQ
root - INFO - 2025-05-10  18:56:06 - move: wp -> --
root - INFO - 2025-05-10  18:56:10 - move: wp -> --
root - INFO - 2025-05-10  18:56:11 - move: bp -> --
root - INFO - 2025-05-10  18:56:16 - move: wp -> --
root - INFO - 2025-05-10  18:56:19 - move: bp -> --
root - INFO - 2025-05-10  18:56:20 - move: wp -> bp
root - INFO - 2025-05-10  18:56:25 - move: wp -> bp
root - INFO - 2025-05-10  18:56:28 - move: bQ -> wp
root - INFO - 2025-05-10  18:58:10 - move: wp -> --
root - INFO - 2025-05-10  18:58:11 - move: wp -> --
root - INFO - 2025-05-10  18:58:14 - move: wp -> bp
root - INFO - 2025-05-10  18:58:15 - move: wp -> bK
root - INFO - 2025-05-10  19:02:37 - move: wp -> --
